[debug] [2020-12-29T19:55:53.515Z] ----------------------------------------------------------------------
[debug] [2020-12-29T19:55:53.533Z] Command:       C:\Program Files\nodejs\node.exe C:\Users\Dennis\AppData\Roaming\npm\node_modules\firebase-tools\lib\bin\firebase.js serve
[debug] [2020-12-29T19:55:53.535Z] CLI Version:   9.0.1
[debug] [2020-12-29T19:55:53.536Z] Platform:      win32
[debug] [2020-12-29T19:55:53.536Z] Node Version:  v12.18.3
[debug] [2020-12-29T19:55:53.584Z] Time:          Tue Dec 29 2020 20:55:53 GMT+0100 (West Africa Standard Time)
[debug] [2020-12-29T19:55:53.584Z] ----------------------------------------------------------------------
[debug] [2020-12-29T19:55:53.584Z] 
[debug] [2020-12-29T19:55:53.600Z] >>> [apiv2][query] GET https://firebase-public.firebaseio.com/cli.json [none]
[debug] [2020-12-29T19:55:53.651Z] > command requires scopes: ["email","openid","https://www.googleapis.com/auth/cloudplatformprojects.readonly","https://www.googleapis.com/auth/firebase","https://www.googleapis.com/auth/cloud-platform"]
[debug] [2020-12-29T19:55:53.652Z] > authorizing via signed-in user
[debug] [2020-12-29T19:55:53.652Z] [iam] checking project react-portfolio-cab52 for permissions ["firebase.projects.get"]
[debug] [2020-12-29T19:55:53.656Z] > refreshing access token with scopes: ["email","https://www.googleapis.com/auth/cloud-platform","https://www.googleapis.com/auth/cloudplatformprojects.readonly","https://www.googleapis.com/auth/firebase","openid"]
[debug] [2020-12-29T19:55:53.657Z] >>> HTTP REQUEST POST https://www.googleapis.com/oauth2/v3/token  
 <request body omitted>
[debug] [2020-12-29T19:55:54.446Z] <<< HTTP RESPONSE 200 {"date":"Tue, 29 Dec 2020 19:55:54 GMT","cache-control":"no-cache, no-store, max-age=0, must-revalidate","expires":"Mon, 01 Jan 1990 00:00:00 GMT","pragma":"no-cache","content-type":"application/json; charset=utf-8","vary":"X-Origin, Referer, Origin,Accept-Encoding","server":"scaffolding on HTTPServer2","x-xss-protection":"0","x-frame-options":"SAMEORIGIN","x-content-type-options":"nosniff","alt-svc":"h3-29=\":443\"; ma=2592000,h3-T051=\":443\"; ma=2592000,h3-Q050=\":443\"; ma=2592000,h3-Q046=\":443\"; ma=2592000,h3-Q043=\":443\"; ma=2592000,quic=\":443\"; ma=2592000; v=\"46,43\"","accept-ranges":"none","transfer-encoding":"chunked"}
[debug] [2020-12-29T19:55:54.501Z] >>> HTTP REQUEST POST https://cloudresourcemanager.googleapis.com/v1/projects/react-portfolio-cab52:testIamPermissions  
 {"permissions":["firebase.projects.get"]}
[debug] [2020-12-29T19:55:55.240Z] <<< [apiv2][status] GET https://firebase-public.firebaseio.com/cli.json 200
[debug] [2020-12-29T19:55:55.241Z] <<< [apiv2][body] GET https://firebase-public.firebaseio.com/cli.json {"cloudBuildErrorAfter":1594252800000,"cloudBuildWarnAfter":1590019200000,"defaultNode10After":1594252800000,"minVersion":"3.0.5","node8DeploysDisabledAfter":1613390400000,"node8RuntimeDisabledAfter":1615809600000,"node8WarnAfter":1600128000000}
[debug] [2020-12-29T19:55:56.500Z] <<< HTTP RESPONSE 200 {"content-type":"application/json; charset=UTF-8","vary":"X-Origin, Referer, Origin,Accept-Encoding","date":"Tue, 29 Dec 2020 19:55:56 GMT","server":"ESF","cache-control":"private","x-xss-protection":"0","x-frame-options":"SAMEORIGIN","x-content-type-options":"nosniff","server-timing":"gfet4t7; dur=1112","alt-svc":"h3-29=\":443\"; ma=2592000,h3-T051=\":443\"; ma=2592000,h3-Q050=\":443\"; ma=2592000,h3-Q046=\":443\"; ma=2592000,h3-Q043=\":443\"; ma=2592000,quic=\":443\"; ma=2592000; v=\"46,43\"","accept-ranges":"none","transfer-encoding":"chunked"}
[debug] [2020-12-29T19:55:56.503Z] >>> HTTP REQUEST GET https://firebase.googleapis.com/v1beta1/projects/react-portfolio-cab52  
 
[debug] [2020-12-29T19:55:57.029Z] <<< HTTP RESPONSE 200 {"content-type":"application/json; charset=UTF-8","vary":"X-Origin, Referer, Origin,Accept-Encoding","date":"Tue, 29 Dec 2020 19:55:56 GMT","server":"ESF","cache-control":"private","x-xss-protection":"0","x-frame-options":"SAMEORIGIN","x-content-type-options":"nosniff","alt-svc":"h3-29=\":443\"; ma=2592000,h3-T051=\":443\"; ma=2592000,h3-Q050=\":443\"; ma=2592000,h3-Q046=\":443\"; ma=2592000,h3-Q043=\":443\"; ma=2592000,quic=\":443\"; ma=2592000; v=\"46,43\"","accept-ranges":"none","transfer-encoding":"chunked"}
[info] 
[info] === Serving from 'C:\Users\Dennis\Desktop\GitHub\react-profolio4me'...
[info] 
[debug] [2020-12-29T19:55:57.048Z] >>> HTTP REQUEST GET https://firebase.googleapis.com/v1beta1/projects/react-portfolio-cab52/webApps/-/config  
 
[debug] [2020-12-29T19:55:58.420Z] <<< HTTP RESPONSE 200 {"content-type":"application/json; charset=UTF-8","vary":"X-Origin, Referer, Origin,Accept-Encoding","date":"Tue, 29 Dec 2020 19:55:58 GMT","server":"ESF","cache-control":"private","x-xss-protection":"0","x-frame-options":"SAMEORIGIN","x-content-type-options":"nosniff","alt-svc":"h3-29=\":443\"; ma=2592000,h3-T051=\":443\"; ma=2592000,h3-Q050=\":443\"; ma=2592000,h3-Q046=\":443\"; ma=2592000,h3-Q043=\":443\"; ma=2592000,quic=\":443\"; ma=2592000; v=\"46,43\"","accept-ranges":"none","transfer-encoding":"chunked"}
[info] i  hosting: Serving hosting files from: build {"metadata":{"emulator":{"name":"hosting"},"message":"Serving hosting files from: \u001b[1mbuild\u001b[22m"}}
[info] +  hosting: Local server: http://localhost:5000 {"metadata":{"emulator":{"name":"hosting"},"message":"Local server: \u001b[4m\u001b[1mhttp://localhost:5000\u001b[22m\u001b[24m"}}
